生成启动时间为 2014/1/1 21:18:47。
     1>项目“D:\cocosx\cocos2d-2.1rc0-x-2.1.3\PigRacing001\proj.win32\PigRacing001.win32.vcxproj”在节点 2 上(Rebuild 个目标)。
     1>_PrepareForClean:
         正在删除文件“Debug.win32\PigRacing001.win32.lastbuildstate”。
       InitializeBuildStatus:
         正在创建“Debug.win32\PigRacing001.win32.unsuccessfulbuild”，因为已指定“AlwaysCreate”。
       ClCompile:
         C:\Program Files\Microsoft Visual Studio 11.0\VC\bin\CL.exe /c /I. /I..\Classes /I"D:\cocosx\cocos2d-2.1rc0-x-2.1.3\cocos2dx" /I"D:\cocosx\cocos2d-2.1rc0-x-2.1.3\cocos2dx\include" /I"D:\cocosx\cocos2d-2.1rc0-x-2.1.3\cocos2dx\kazmath\include" /I"D:\cocosx\cocos2d-2.1rc0-x-2.1.3\cocos2dx\platform\win32" /I"D:\cocosx\cocos2d-2.1rc0-x-2.1.3\cocos2dx\platform\third_party\win32" /I"D:\cocosx\cocos2d-2.1rc0-x-2.1.3\cocos2dx\platform\third_party\win32\OGLES" /I"D:\cocosx\cocos2d-2.1rc0-x-2.1.3\external" /I"D:\cocosx\cocos2d-2.1rc0-x-2.1.3\CocosDenshion\include" /ZI /nologo /W3 /WX- /Od /Oy- /D WIN32 /D _WINDOWS /D STRICT /D _CRT_SECURE_NO_WARNINGS /D _SCL_SECURE_NO_WARNINGS_DEBUG /D COCOS2D_DEBUG=1 /D _UNICODE /D UNICODE /Gm /EHsc /RTC1 /MDd /GS /fp:precise /Zc:wchar_t /Zc:forScope /Fo"Debug.win32\\" /Fd"Debug.win32\vc110.pdb" /Gd /TP /wd4267 /wd4251 /wd4244 /analyze- /errorReport:prompt ..\Classes\AppDelegate.cpp ..\Classes\HelloWorldScene.cpp main.cpp
         main.cpp
         HelloWorldScene.cpp
         AppDelegate.cpp
         正在生成代码...
       ResourceCompile:
         C:\Program Files\Windows Kits\8.0\bin\x86\rc.exe /D _DEBUG /D _UNICODE /D UNICODE /l"0x0409" /IDebug.win32\ /nologo /fo"Debug.win32\PigRacing001.res" PigRacing001.rc 
       Link:
         C:\Program Files\Microsoft Visual Studio 11.0\VC\bin\link.exe /ERRORREPORT:PROMPT /OUT:"D:\cocosx\cocos2d-2.1rc0-x-2.1.3\Debug.win32\PigRacing001.win32.exe" /INCREMENTAL /NOLOGO /LIBPATH:"D:\cocosx\cocos2d-2.1rc0-x-2.1.3\Debug.win32\\" libcocos2d.lib opengl32.lib glew32.lib libBox2d.lib libCocosDenshion.lib kernel32.lib user32.lib gdi32.lib winspool.lib comdlg32.lib advapi32.lib shell32.lib ole32.lib oleaut32.lib uuid.lib odbc32.lib odbccp32.lib /MANIFEST /MANIFESTUAC:"level='asInvoker' uiAccess='false'" /manifest:embed /DEBUG /PDB:"D:\cocosx\cocos2d-2.1rc0-x-2.1.3\Debug.win32\PigRacing001.win32.pdb" /SUBSYSTEM:WINDOWS /TLBID:1 /DYNAMICBASE /NXCOMPAT /IMPLIB:"D:\cocosx\cocos2d-2.1rc0-x-2.1.3\Debug.win32\PigRacing001.win32.lib" /MACHINE:X86 Debug.win32\PigRacing001.res
         Debug.win32\AppDelegate.obj
         Debug.win32\HelloWorldScene.obj
         Debug.win32\main.obj
         PigRacing001.win32.vcxproj -> D:\cocosx\cocos2d-2.1rc0-x-2.1.3\Debug.win32\PigRacing001.win32.exe
       FinalizeBuildStatus:
         正在删除文件“Debug.win32\PigRacing001.win32.unsuccessfulbuild”。
         正在对“Debug.win32\PigRacing001.win32.lastbuildstate”执行 Touch 任务。
     1>已完成生成项目“D:\cocosx\cocos2d-2.1rc0-x-2.1.3\PigRacing001\proj.win32\PigRacing001.win32.vcxproj”(Rebuild 个目标)的操作。

生成成功。

已用时间 00:00:22.28
