D:\COCOSX\COCOS2D-2.1RC0-X-2.1.3\PIGRACING001\PROJ.WIN32\DEBUG.WIN32\APPDELEGATE.OBJ
D:\COCOSX\COCOS2D-2.1RC0-X-2.1.3\PIGRACING001\PROJ.WIN32\DEBUG.WIN32\HELLOWORLDSCENE.OBJ
D:\COCOSX\COCOS2D-2.1RC0-X-2.1.3\PIGRACING001\PROJ.WIN32\DEBUG.WIN32\MAIN.OBJ
D:\COCOSX\COCOS2D-2.1RC0-X-2.1.3\PIGRACING001\PROJ.WIN32\DEBUG.WIN32\VC110.PDB
D:\COCOSX\COCOS2D-2.1RC0-X-2.1.3\DEBUG.WIN32\PIGRACING001.WIN32.ILK
D:\COCOSX\COCOS2D-2.1RC0-X-2.1.3\DEBUG.WIN32\PIGRACING001.WIN32.EXE
D:\COCOSX\COCOS2D-2.1RC0-X-2.1.3\DEBUG.WIN32\PIGRACING001.WIN32.PDB
D:\COCOSX\COCOS2D-2.1RC0-X-2.1.3\PIGRACING001\PROJ.WIN32\DEBUG.WIN32\PIGRACING001.RES
D:\cocosx\cocos2d-2.1rc0-x-2.1.3\PigRacing001\proj.win32\Debug.win32\AppDelegate.obj
D:\cocosx\cocos2d-2.1rc0-x-2.1.3\PigRacing001\proj.win32\Debug.win32\HelloWorldScene.obj
D:\cocosx\cocos2d-2.1rc0-x-2.1.3\PigRacing001\proj.win32\Debug.win32\main.obj
D:\cocosx\cocos2d-2.1rc0-x-2.1.3\PigRacing001\proj.win32\Debug.win32\cl.command.1.tlog
D:\cocosx\cocos2d-2.1rc0-x-2.1.3\PigRacing001\proj.win32\Debug.win32\CL.read.1.tlog
D:\cocosx\cocos2d-2.1rc0-x-2.1.3\PigRacing001\proj.win32\Debug.win32\CL.write.1.tlog
D:\cocosx\cocos2d-2.1rc0-x-2.1.3\PigRacing001\proj.win32\Debug.win32\link-cvtres.read.1.tlog
D:\cocosx\cocos2d-2.1rc0-x-2.1.3\PigRacing001\proj.win32\Debug.win32\link-cvtres.write.1.tlog
D:\cocosx\cocos2d-2.1rc0-x-2.1.3\PigRacing001\proj.win32\Debug.win32\link-rc.read.1.tlog
D:\cocosx\cocos2d-2.1rc0-x-2.1.3\PigRacing001\proj.win32\Debug.win32\link-rc.write.1.tlog
D:\cocosx\cocos2d-2.1rc0-x-2.1.3\PigRacing001\proj.win32\Debug.win32\link.command.1.tlog
D:\cocosx\cocos2d-2.1rc0-x-2.1.3\PigRacing001\proj.win32\Debug.win32\link.read.1.tlog
D:\cocosx\cocos2d-2.1rc0-x-2.1.3\PigRacing001\proj.win32\Debug.win32\link.write.1.tlog
D:\cocosx\cocos2d-2.1rc0-x-2.1.3\PigRacing001\proj.win32\Debug.win32\rc.command.1.tlog
D:\cocosx\cocos2d-2.1rc0-x-2.1.3\PigRacing001\proj.win32\Debug.win32\rc.read.1.tlog
D:\cocosx\cocos2d-2.1rc0-x-2.1.3\PigRacing001\proj.win32\Debug.win32\rc.write.1.tlog
D:\cocosx\cocos2d-2.1rc0-x-2.1.3\PigRacing001\proj.win32\Debug.win32\PigRacing001.res
D:\cocosx\cocos2d-2.1rc0-x-2.1.3\PigRacing001\proj.win32\Debug.win32\vc110.idb
D:\cocosx\cocos2d-2.1rc0-x-2.1.3\PigRacing001\proj.win32\Debug.win32\vc110.pdb
D:\cocosx\cocos2d-2.1rc0-x-2.1.3\Debug.win32\PigRacing001.win32.pdb
D:\cocosx\cocos2d-2.1rc0-x-2.1.3\Debug.win32\PigRacing001.win32.exe
D:\cocosx\cocos2d-2.1rc0-x-2.1.3\Debug.win32\PigRacing001.win32.ilk
